app/build/intermediates/manifest_merge_blame_file/release/manifest-merger-blame-release-report.txt
1<?xml version="1.0" encoding="utf-8"?>
2<manifest xmlns:android="http://schemas.android.com/apk/res/android"
3    package="ca.scooter.talkufy"
4    android:versionCode="4"
5    android:versionName="1" >
6
7    <uses-sdk
8        android:minSdkVersion="21"
8-->src\main\AndroidManifest.xml
9        android:targetSdkVersion="29" />
9-->src\main\AndroidManifest.xml
10    <!--
11         The ACCESS_COARSE/FINE_LOCATION permissions are not required to use
12         Google Maps Android API v2, but you must specify either coarse or fine
13         location permissions for the 'MyLocation' functional
14    -->
15    <uses-permission android:name="android.permission.ACCESS_FINE_LOCATION" />
15-->src\main\AndroidManifest.xml:10:5-78
15-->src\main\AndroidManifest.xml:10:22-76
16    <uses-permission android:name="android.permission.BLUETOOTH_CONNECT" />
16-->src\main\AndroidManifest.xml:11:5-75
16-->src\main\AndroidManifest.xml:11:22-73
17    <uses-permission android:name="android.permission.READ_CONTACTS" />
17-->src\main\AndroidManifest.xml:12:5-71
17-->src\main\AndroidManifest.xml:12:22-69
18    <uses-permission android:name="android.permission.READ_EXTERNAL_STORAGE" />
18-->src\main\AndroidManifest.xml:13:5-79
18-->src\main\AndroidManifest.xml:13:22-77
19    <uses-permission android:name="android.permission.WRITE_EXTERNAL_STORAGE" />
19-->src\main\AndroidManifest.xml:14:5-80
19-->src\main\AndroidManifest.xml:14:22-78
20    <uses-permission android:name="android.permission.INTERNET" />
20-->src\main\AndroidManifest.xml:15:5-66
20-->src\main\AndroidManifest.xml:15:22-64
21    <uses-permission android:name="android.permission.ACCESS_NETWORK_STATE" />
21-->src\main\AndroidManifest.xml:16:5-78
21-->src\main\AndroidManifest.xml:16:22-76
22    <uses-permission android:name="android.permission.ACCESS_COARSE_LOCATION" />
22-->src\main\AndroidManifest.xml:17:5-80
22-->src\main\AndroidManifest.xml:17:22-78
23    <uses-permission android:name="android.permission.VIBRATE" />
23-->src\main\AndroidManifest.xml:18:5-65
23-->src\main\AndroidManifest.xml:18:22-63
24    <uses-permission android:name="android.permission.CALL_PHONE" />
24-->src\main\AndroidManifest.xml:19:5-68
24-->src\main\AndroidManifest.xml:19:22-66
25    <uses-permission android:name="android.permission.READ_PHONE_STATE" />
25-->src\main\AndroidManifest.xml:20:5-74
25-->src\main\AndroidManifest.xml:20:22-72
26    <uses-permission android:name="android.permission.INSTALL_SHORTCUT" />
26-->src\main\AndroidManifest.xml:21:5-74
26-->src\main\AndroidManifest.xml:21:22-72
27    <uses-permission android:name="android.permission.RECORD_AUDIO" />
27-->src\main\AndroidManifest.xml:22:5-70
27-->src\main\AndroidManifest.xml:22:22-68
28    <uses-permission android:name="android.permission.ACCESS_WIFI_STATE" />
28-->[com.vungle:publisher-sdk-android:6.10.4] AndroidManifest.xml:14:5-76
28-->[com.vungle:publisher-sdk-android:6.10.4] AndroidManifest.xml:14:22-73
29    <uses-permission android:name="android.permission.BLUETOOTH" />
29-->[org.jitsi.react:jitsi-meet-sdk:2.9.0] AndroidManifest.xml:10:5-68
29-->[org.jitsi.react:jitsi-meet-sdk:2.9.0] AndroidManifest.xml:10:22-65
30    <uses-permission android:name="android.permission.CAMERA" />
30-->[org.jitsi.react:jitsi-meet-sdk:2.9.0] AndroidManifest.xml:11:5-65
30-->[org.jitsi.react:jitsi-meet-sdk:2.9.0] AndroidManifest.xml:11:22-62
31    <uses-permission android:name="android.permission.MANAGE_OWN_CALLS" />
31-->[org.jitsi.react:jitsi-meet-sdk:2.9.0] AndroidManifest.xml:13:5-75
31-->[org.jitsi.react:jitsi-meet-sdk:2.9.0] AndroidManifest.xml:13:22-72
32    <uses-permission android:name="android.permission.MODIFY_AUDIO_SETTINGS" />
32-->[org.jitsi.react:jitsi-meet-sdk:2.9.0] AndroidManifest.xml:14:5-80
32-->[org.jitsi.react:jitsi-meet-sdk:2.9.0] AndroidManifest.xml:14:22-77
33    <uses-permission android:name="android.permission.SYSTEM_ALERT_WINDOW" />
33-->[org.jitsi.react:jitsi-meet-sdk:2.9.0] AndroidManifest.xml:16:5-78
33-->[org.jitsi.react:jitsi-meet-sdk:2.9.0] AndroidManifest.xml:16:22-75
34    <uses-permission android:name="android.permission.WAKE_LOCK" />
34-->[org.jitsi.react:jitsi-meet-sdk:2.9.0] AndroidManifest.xml:17:5-68
34-->[org.jitsi.react:jitsi-meet-sdk:2.9.0] AndroidManifest.xml:17:22-65
35    <uses-permission android:name="android.permission.FOREGROUND_SERVICE" />
35-->[org.jitsi.react:jitsi-meet-sdk:2.9.0] AndroidManifest.xml:19:5-77
35-->[org.jitsi.react:jitsi-meet-sdk:2.9.0] AndroidManifest.xml:19:22-74
36
37    <uses-feature
37-->[org.jitsi.react:jitsi-meet-sdk:2.9.0] AndroidManifest.xml:21:5-23:35
38        android:glEsVersion="0x00020000"
38-->[org.jitsi.react:jitsi-meet-sdk:2.9.0] AndroidManifest.xml:22:9-41
39        android:required="true" />
39-->[org.jitsi.react:jitsi-meet-sdk:2.9.0] AndroidManifest.xml:23:9-32
40    <uses-feature
40-->[org.jitsi.react:jitsi-meet-sdk:2.9.0] AndroidManifest.xml:24:5-26:36
41        android:name="android.hardware.camera"
41-->[org.jitsi.react:jitsi-meet-sdk:2.9.0] AndroidManifest.xml:25:9-47
42        android:required="false" />
42-->[org.jitsi.react:jitsi-meet-sdk:2.9.0] AndroidManifest.xml:26:9-33
43    <uses-feature
43-->[org.jitsi.react:jitsi-meet-sdk:2.9.0] AndroidManifest.xml:27:5-29:36
44        android:name="android.hardware.camera.autofocus"
44-->[org.jitsi.react:jitsi-meet-sdk:2.9.0] AndroidManifest.xml:28:9-57
45        android:required="false" />
45-->[org.jitsi.react:jitsi-meet-sdk:2.9.0] AndroidManifest.xml:29:9-33
46
47    <uses-permission android:name="android.permission.WRITE_CALENDAR" />
47-->[com.facebook.react:react-native-calendar-events:2.0.0-jitsi-4429568] AndroidManifest.xml:11:5-73
47-->[com.facebook.react:react-native-calendar-events:2.0.0-jitsi-4429568] AndroidManifest.xml:11:22-70
48    <uses-permission android:name="android.permission.READ_CALENDAR" />
48-->[com.facebook.react:react-native-calendar-events:2.0.0-jitsi-4429568] AndroidManifest.xml:12:5-72
48-->[com.facebook.react:react-native-calendar-events:2.0.0-jitsi-4429568] AndroidManifest.xml:12:22-69
49
50    <queries>
50-->[com.google.android.gms:play-services-maps:17.0.1] AndroidManifest.xml:30:5-34:15
51
52        <!-- Needs to be explicitly declared on Android R+ -->
53        <package android:name="com.google.android.apps.maps" />
53-->[com.google.android.gms:play-services-maps:17.0.1] AndroidManifest.xml:33:9-64
53-->[com.google.android.gms:play-services-maps:17.0.1] AndroidManifest.xml:33:18-61
54    </queries>
55
56    <uses-permission android:name="com.google.android.finsky.permission.BIND_GET_INSTALL_REFERRER_SERVICE" /> <!-- Include required permissions for Advertising Id -->
56-->[com.google.android.gms:play-services-measurement:20.0.0] AndroidManifest.xml:26:5-110
56-->[com.google.android.gms:play-services-measurement:20.0.0] AndroidManifest.xml:26:22-107
57    <uses-permission android:name="com.google.android.gms.permission.AD_ID" /> <!-- Required by older versions of Google Play services to create IID tokens -->
57-->[com.google.android.gms:play-services-ads-identifier:18.0.1] AndroidManifest.xml:23:5-79
57-->[com.google.android.gms:play-services-ads-identifier:18.0.1] AndroidManifest.xml:23:22-76
58    <uses-permission android:name="com.google.android.c2dm.permission.RECEIVE" />
58-->[com.google.firebase:firebase-messaging:23.0.0] AndroidManifest.xml:25:5-82
58-->[com.google.firebase:firebase-messaging:23.0.0] AndroidManifest.xml:25:22-79
59
60    <application
60-->src\main\AndroidManifest.xml:24:5-201:19
61        android:allowBackup="true"
61-->[com.vincent.filepicker:MultiTypeFilePicker:1.0.8] AndroidManifest.xml:15:9-35
62        android:appComponentFactory="androidx.core.app.CoreComponentFactory"
62-->[androidx.core:core:1.7.0] AndroidManifest.xml:24:18-86
63        android:hardwareAccelerated="true"
63-->[com.vungle:publisher-sdk-android:6.10.4] AndroidManifest.xml:17:9-43
64        android:icon="@mipmap/ic_launcher"
64-->src\main\AndroidManifest.xml:25:9-43
65        android:label="@string/app_name"
65-->src\main\AndroidManifest.xml:26:9-41
66        android:largeHeap="true"
66-->src\main\AndroidManifest.xml:27:9-33
67        android:roundIcon="@mipmap/ic_launcher"
67-->src\main\AndroidManifest.xml:28:9-48
68        android:supportsRtl="true"
68-->src\main\AndroidManifest.xml:29:9-35
69        android:theme="@style/AppTheme" >
69-->src\main\AndroidManifest.xml:30:9-40
70        <activity
70-->src\main\AndroidManifest.xml:32:9-34:38
71            android:name="ca.scooter.talkufy.activities.Updates"
71-->src\main\AndroidManifest.xml:33:13-47
72            android:exported="true" />
72-->src\main\AndroidManifest.xml:34:13-36
73        <activity
73-->src\main\AndroidManifest.xml:37:9-46:20
74            android:name="ca.scooter.talkufy.BeginingSplashScreen"
74-->src\main\AndroidManifest.xml:38:13-49
75            android:exported="true" >
75-->src\main\AndroidManifest.xml:39:13-36
76            <intent-filter>
76-->src\main\AndroidManifest.xml:41:13-45:29
77                <action android:name="android.intent.action.MAIN" />
77-->src\main\AndroidManifest.xml:42:17-68
77-->src\main\AndroidManifest.xml:42:25-66
78
79                <category android:name="android.intent.category.LAUNCHER" />
79-->src\main\AndroidManifest.xml:44:17-76
79-->src\main\AndroidManifest.xml:44:27-74
80            </intent-filter>
81        </activity>
82        <activity
82-->src\main\AndroidManifest.xml:47:9-54:34
83            android:name="ca.scooter.talkufy.jitsi_sdk.JitsiMeetActivity"
83-->src\main\AndroidManifest.xml:48:13-56
84            android:configChanges="keyboard|keyboardHidden|orientation|screenLayout|screenSize|smallestScreenSize"
84-->src\main\AndroidManifest.xml:49:13-115
85            android:launchMode="singleTask"
85-->src\main\AndroidManifest.xml:50:13-44
86            android:resizeableActivity="true"
86-->src\main\AndroidManifest.xml:51:13-46
87            android:supportsPictureInPicture="true"
87-->src\main\AndroidManifest.xml:52:13-52
88            android:windowSoftInputMode="adjustResize" />
88-->src\main\AndroidManifest.xml:53:13-55
89        <activity android:name="ca.scooter.talkufy.jitsi_sdk.JitsiMeetFragment" />
89-->src\main\AndroidManifest.xml:55:9-57:44
89-->src\main\AndroidManifest.xml:56:13-56
90        <activity android:name="ca.scooter.talkufy.activities.CreateGroupActivity" />
90-->src\main\AndroidManifest.xml:58:9-67
90-->src\main\AndroidManifest.xml:58:19-65
91        <activity android:name="ca.scooter.talkufy.activities.CreateChannelActivity" />
91-->src\main\AndroidManifest.xml:59:9-69
91-->src\main\AndroidManifest.xml:59:19-67
92        <activity android:name="ca.scooter.talkufy.activities.IncomingCallActivity" />
92-->src\main\AndroidManifest.xml:60:9-68
92-->src\main\AndroidManifest.xml:60:19-66
93        <activity android:name="ca.scooter.talkufy.activities.OutgoingCallActivity" />
93-->src\main\AndroidManifest.xml:61:9-68
93-->src\main\AndroidManifest.xml:61:19-66
94        <activity android:name="com.theartofdev.edmodo.cropper.CropImageActivity" />
94-->src\main\AndroidManifest.xml:62:9-84
94-->src\main\AndroidManifest.xml:62:19-82
95        <activity android:name="ca.scooter.talkufy.activities.SplashActivity" />
95-->src\main\AndroidManifest.xml:63:9-62
95-->src\main\AndroidManifest.xml:63:19-60
96        <!-- <activity -->
97        <!-- android:name=".activities.SplashActivity" -->
98        <!-- android:roundIcon="@drawable/ic_play_black" -->
99        <!-- android:theme="@style/AppTheme.NoActionBar"/> -->
100        <activity android:name="ca.scooter.talkufy.activities.SettingsActivity" />
100-->src\main\AndroidManifest.xml:68:9-64
100-->src\main\AndroidManifest.xml:68:19-62
101        <activity android:name="ca.scooter.talkufy.activities.BlockListActivity" />
101-->src\main\AndroidManifest.xml:69:9-65
101-->src\main\AndroidManifest.xml:69:19-63
102        <activity
102-->src\main\AndroidManifest.xml:70:9-100:20
103            android:name="ca.scooter.talkufy.activities.ForwardActivity"
103-->src\main\AndroidManifest.xml:71:13-55
104            android:exported="true"
104-->src\main\AndroidManifest.xml:72:13-36
105            android:launchMode="singleTop"
105-->src\main\AndroidManifest.xml:73:13-43
106            android:theme="@style/AppTheme.NoActionBar" >
106-->src\main\AndroidManifest.xml:74:13-56
107            <intent-filter>
107-->src\main\AndroidManifest.xml:75:13-81:29
108                <action android:name="android.intent.action.SEND" />
108-->src\main\AndroidManifest.xml:76:17-68
108-->src\main\AndroidManifest.xml:76:25-66
109
110                <category android:name="android.intent.category.DEFAULT" />
110-->src\main\AndroidManifest.xml:78:17-75
110-->src\main\AndroidManifest.xml:78:27-73
111
112                <data android:mimeType="text/plain" />
112-->src\main\AndroidManifest.xml:80:17-54
112-->src\main\AndroidManifest.xml:80:23-52
113            </intent-filter>
114            <intent-filter>
114-->src\main\AndroidManifest.xml:82:13-88:29
115                <action android:name="android.intent.action.SEND" />
115-->src\main\AndroidManifest.xml:76:17-68
115-->src\main\AndroidManifest.xml:76:25-66
116
117                <category android:name="android.intent.category.DEFAULT" />
117-->src\main\AndroidManifest.xml:78:17-75
117-->src\main\AndroidManifest.xml:78:27-73
118
119                <data android:mimeType="image/*" />
119-->src\main\AndroidManifest.xml:80:17-54
119-->src\main\AndroidManifest.xml:80:23-52
120            </intent-filter>
121            <intent-filter>
121-->src\main\AndroidManifest.xml:89:13-95:29
122                <action android:name="android.intent.action.SEND" />
122-->src\main\AndroidManifest.xml:76:17-68
122-->src\main\AndroidManifest.xml:76:25-66
123
124                <category android:name="android.intent.category.DEFAULT" />
124-->src\main\AndroidManifest.xml:78:17-75
124-->src\main\AndroidManifest.xml:78:27-73
125
126                <data android:mimeType="video/*" />
126-->src\main\AndroidManifest.xml:80:17-54
126-->src\main\AndroidManifest.xml:80:23-52
127            </intent-filter>
128
129            <meta-data
129-->src\main\AndroidManifest.xml:97:13-99:61
130                android:name="android.service.chooser.chooser_target_service"
130-->src\main\AndroidManifest.xml:98:17-78
131                android:value=".ShareIntentChooserService" />
131-->src\main\AndroidManifest.xml:99:17-59
132        </activity>
133        <activity
133-->src\main\AndroidManifest.xml:101:9-105:42
134            android:name="ca.scooter.talkufy.activities.UserProfileActivity"
134-->src\main\AndroidManifest.xml:102:13-59
135            android:label="@string/title_activity_user_profile"
135-->src\main\AndroidManifest.xml:103:13-64
136            android:theme="@style/AppTheme.NoActionBar.Translucent" />
136-->src\main\AndroidManifest.xml:104:13-68
137        <!--
138             The API key for Google Maps-based APIs is defined as a string resource.
139             (See the file "res/values/google_maps_api.xml").
140             Note that the API key is linked to the encryption key used to sign the APK.
141             You need a different API key for each encryption key, including the release key that is used to
142             sign the APK for publishing.
143             You can define the keys for the debug and release targets in src/debug/ and src/release/.
144        -->
145        <meta-data
145-->src\main\AndroidManifest.xml:114:9-116:54
146            android:name="com.google.android.geo.API_KEY"
146-->src\main\AndroidManifest.xml:115:13-58
147            android:value="@string/google_maps_key" />
147-->src\main\AndroidManifest.xml:116:13-52
148
149        <activity
149-->src\main\AndroidManifest.xml:118:9-122:42
150            android:name="ca.scooter.talkufy.activities.MapsActivity"
150-->src\main\AndroidManifest.xml:119:13-52
151            android:label="@string/title_activity_maps"
151-->src\main\AndroidManifest.xml:120:13-56
152            android:theme="@style/AppTheme.NoActionBar" />
152-->src\main\AndroidManifest.xml:121:13-56
153        <activity
153-->src\main\AndroidManifest.xml:123:9-127:58
154            android:name="ca.scooter.talkufy.activities.HomeActivity"
154-->src\main\AndroidManifest.xml:124:13-52
155            android:label="@string/app_name"
155-->src\main\AndroidManifest.xml:125:13-45
156            android:launchMode="singleTop"
156-->src\main\AndroidManifest.xml:126:13-43
157            android:theme="@style/AppTheme.NoActionBar" />
157-->src\main\AndroidManifest.xml:127:13-56
158        <activity
158-->src\main\AndroidManifest.xml:128:9-130:58
159            android:name="ca.scooter.talkufy.activities.MessageActivity"
159-->src\main\AndroidManifest.xml:129:13-55
160            android:theme="@style/AppTheme.NoActionBar" />
160-->src\main\AndroidManifest.xml:130:13-56
161        <activity
161-->src\main\AndroidManifest.xml:131:9-134:54
162            android:name="ca.scooter.talkufy.activities.MobileLoginActivity"
162-->src\main\AndroidManifest.xml:132:13-59
163            android:theme="@style/AppTheme.NoActionBar"
163-->src\main\AndroidManifest.xml:133:13-56
164            android:windowSoftInputMode="adjustPan" />
164-->src\main\AndroidManifest.xml:134:13-52
165        <activity android:name="ca.scooter.talkufy.activities.ContactsActivity" /> <!-- Provider for the library -->
165-->src\main\AndroidManifest.xml:135:9-64
165-->src\main\AndroidManifest.xml:135:19-62
166        <provider
166-->src\main\AndroidManifest.xml:136:9-146:20
167            android:name="androidx.core.content.FileProvider"
167-->src\main\AndroidManifest.xml:137:13-62
168            android:authorities="com.mvc.imagepicker.provider"
168-->src\main\AndroidManifest.xml:138:13-63
169            android:exported="false"
169-->src\main\AndroidManifest.xml:139:13-37
170            android:grantUriPermissions="true" >
170-->src\main\AndroidManifest.xml:140:13-47
171            <meta-data
171-->src\main\AndroidManifest.xml:142:13-145:51
172                android:name="android.support.FILE_PROVIDER_PATHS"
172-->src\main\AndroidManifest.xml:143:17-67
173                android:resource="@xml/provider_paths" />
173-->src\main\AndroidManifest.xml:144:17-55
174        </provider>
175
176        <activity
176-->src\main\AndroidManifest.xml:148:9-150:58
177            android:name="ca.scooter.talkufy.activities.UploadPreviewActivity"
177-->src\main\AndroidManifest.xml:149:13-61
178            android:theme="@style/AppTheme.NoActionBar" />
178-->src\main\AndroidManifest.xml:150:13-56
179        <activity android:name="ca.scooter.talkufy.activities.EditProfile" />
179-->src\main\AndroidManifest.xml:151:9-59
179-->src\main\AndroidManifest.xml:151:19-57
180        <activity
180-->src\main\AndroidManifest.xml:152:9-154:58
181            android:name="ca.scooter.talkufy.activities.ImagePreviewActivity"
181-->src\main\AndroidManifest.xml:153:13-60
182            android:theme="@style/AppTheme.NoActionBar" />
182-->src\main\AndroidManifest.xml:154:13-56
183        <activity
183-->src\main\AndroidManifest.xml:155:9-157:58
184            android:name="ca.scooter.talkufy.activities.AboutTheDeveloperActivity"
184-->src\main\AndroidManifest.xml:156:13-65
185            android:theme="@style/AppTheme.NoActionBar" />
185-->src\main\AndroidManifest.xml:157:13-56
186        <activity android:name="ca.scooter.talkufy.activities.MultiContactChooserActivity" />
186-->src\main\AndroidManifest.xml:158:9-75
186-->src\main\AndroidManifest.xml:158:19-73
187        <activity android:name="ca.scooter.talkufy.activities.FeedbackActivity" />
187-->src\main\AndroidManifest.xml:159:9-64
187-->src\main\AndroidManifest.xml:159:19-62
188
189        <service
189-->src\main\AndroidManifest.xml:161:9-167:19
190            android:name="ca.scooter.talkufy.firebase.MessagingService"
190-->src\main\AndroidManifest.xml:162:13-54
191            android:exported="false" >
191-->src\main\AndroidManifest.xml:163:13-37
192            <intent-filter>
192-->src\main\AndroidManifest.xml:164:13-166:29
193                <action android:name="com.google.firebase.MESSAGING_EVENT" />
193-->src\main\AndroidManifest.xml:165:17-77
193-->src\main\AndroidManifest.xml:165:25-75
194            </intent-filter>
195        </service>
196        <!--
197 Set custom default icon. This is used when no icon is set for incoming notification messages.
198     See README(https://goo.gl/l4GJaQ) for more.
199        -->
200        <meta-data
200-->src\main\AndroidManifest.xml:172:9-174:53
201            android:name="com.google.firebase.messaging.default_notification_icon"
201-->src\main\AndroidManifest.xml:173:13-83
202            android:resource="@mipmap/ic_launcher" />
202-->src\main\AndroidManifest.xml:174:13-51
203        <!--
204 Set color used with incoming notification messages. This is used when no color is set for the incoming
205             notification message. See README(https://goo.gl/6BKBk7) for more.
206        -->
207        <meta-data
207-->src\main\AndroidManifest.xml:179:9-181:52
208            android:name="com.google.firebase.messaging.default_notification_color"
208-->src\main\AndroidManifest.xml:180:13-84
209            android:resource="@color/colorAccent" />
209-->src\main\AndroidManifest.xml:181:13-50
210
211        <service
211-->src\main\AndroidManifest.xml:183:9-192:19
212            android:name="ca.scooter.talkufy.utils.ShareIntentChooserService"
212-->src\main\AndroidManifest.xml:184:13-60
213            android:exported="true"
213-->src\main\AndroidManifest.xml:185:13-36
214            android:label="@string/app_name"
214-->src\main\AndroidManifest.xml:186:13-45
215            android:permission="android.permission.BIND_CHOOSER_TARGET_SERVICE" >
215-->src\main\AndroidManifest.xml:187:13-80
216            <intent-filter>
216-->src\main\AndroidManifest.xml:189:13-191:29
217                <action android:name="android.service.chooser.ChooserTargetService" />
217-->src\main\AndroidManifest.xml:190:17-86
217-->src\main\AndroidManifest.xml:190:25-84
218            </intent-filter>
219        </service>
220
221        <receiver
221-->src\main\AndroidManifest.xml:194:9-200:20
222            android:name="ca.scooter.talkufy.broadcast_services.PhoneStateBroadcastReciever"
222-->src\main\AndroidManifest.xml:195:13-75
223            android:exported="true" >
223-->src\main\AndroidManifest.xml:196:13-36
224            <intent-filter>
224-->src\main\AndroidManifest.xml:197:13-199:29
225                <action android:name="android.intent.action.PHONE_STATE" />
225-->src\main\AndroidManifest.xml:198:17-75
225-->src\main\AndroidManifest.xml:198:25-73
226            </intent-filter>
227        </receiver>
228
229        <activity
229-->[com.vungle:publisher-sdk-android:6.10.4] AndroidManifest.xml:19:9-23:74
230            android:name="com.vungle.warren.ui.VungleActivity"
230-->[com.vungle:publisher-sdk-android:6.10.4] AndroidManifest.xml:20:13-63
231            android:configChanges="keyboardHidden|orientation|screenSize|screenLayout|smallestScreenSize|uiMode"
231-->[com.vungle:publisher-sdk-android:6.10.4] AndroidManifest.xml:21:13-113
232            android:launchMode="singleTop"
232-->[com.vungle:publisher-sdk-android:6.10.4] AndroidManifest.xml:22:13-43
233            android:theme="@android:style/Theme.NoTitleBar.Fullscreen" />
233-->[com.vungle:publisher-sdk-android:6.10.4] AndroidManifest.xml:23:13-71
234
235        <provider
235-->[com.vungle:publisher-sdk-android:6.10.4] AndroidManifest.xml:25:9-28:40
236            android:name="com.vungle.warren.utility.VungleProvider"
236-->[com.vungle:publisher-sdk-android:6.10.4] AndroidManifest.xml:26:13-68
237            android:authorities="ca.scooter.talkufy.vungle-provider"
237-->[com.vungle:publisher-sdk-android:6.10.4] AndroidManifest.xml:27:13-67
238            android:exported="false" />
238-->[com.vungle:publisher-sdk-android:6.10.4] AndroidManifest.xml:28:13-37
239
240        <activity
240-->[com.vincent.filepicker:MultiTypeFilePicker:1.0.8] AndroidManifest.xml:17:9-20:57
241            android:name="com.vincent.filepicker.activity.ImagePickActivity"
241-->[com.vincent.filepicker:MultiTypeFilePicker:1.0.8] AndroidManifest.xml:18:13-77
242            android:screenOrientation="portrait"
242-->[com.vincent.filepicker:MultiTypeFilePicker:1.0.8] AndroidManifest.xml:19:13-49
243            android:theme="@style/vw_FilePickerTheme" />
243-->[com.vincent.filepicker:MultiTypeFilePicker:1.0.8] AndroidManifest.xml:20:13-54
244        <activity
244-->[com.vincent.filepicker:MultiTypeFilePicker:1.0.8] AndroidManifest.xml:21:9-25:57
245            android:name="com.vincent.filepicker.activity.ImageBrowserActivity"
245-->[com.vincent.filepicker:MultiTypeFilePicker:1.0.8] AndroidManifest.xml:22:13-80
246            android:hardwareAccelerated="false"
246-->[com.vincent.filepicker:MultiTypeFilePicker:1.0.8] AndroidManifest.xml:23:13-48
247            android:screenOrientation="portrait"
247-->[com.vincent.filepicker:MultiTypeFilePicker:1.0.8] AndroidManifest.xml:24:13-49
248            android:theme="@style/vw_FilePickerTheme" />
248-->[com.vincent.filepicker:MultiTypeFilePicker:1.0.8] AndroidManifest.xml:25:13-54
249        <activity
249-->[com.vincent.filepicker:MultiTypeFilePicker:1.0.8] AndroidManifest.xml:26:9-29:57
250            android:name="com.vincent.filepicker.activity.VideoPickActivity"
250-->[com.vincent.filepicker:MultiTypeFilePicker:1.0.8] AndroidManifest.xml:27:13-77
251            android:screenOrientation="portrait"
251-->[com.vincent.filepicker:MultiTypeFilePicker:1.0.8] AndroidManifest.xml:28:13-49
252            android:theme="@style/vw_FilePickerTheme" />
252-->[com.vincent.filepicker:MultiTypeFilePicker:1.0.8] AndroidManifest.xml:29:13-54
253        <activity
253-->[com.vincent.filepicker:MultiTypeFilePicker:1.0.8] AndroidManifest.xml:30:9-33:57
254            android:name="com.vincent.filepicker.activity.AudioPickActivity"
254-->[com.vincent.filepicker:MultiTypeFilePicker:1.0.8] AndroidManifest.xml:31:13-77
255            android:screenOrientation="portrait"
255-->[com.vincent.filepicker:MultiTypeFilePicker:1.0.8] AndroidManifest.xml:32:13-49
256            android:theme="@style/vw_FilePickerTheme" />
256-->[com.vincent.filepicker:MultiTypeFilePicker:1.0.8] AndroidManifest.xml:33:13-54
257        <activity
257-->[com.vincent.filepicker:MultiTypeFilePicker:1.0.8] AndroidManifest.xml:34:9-37:57
258            android:name="com.vincent.filepicker.activity.NormalFilePickActivity"
258-->[com.vincent.filepicker:MultiTypeFilePicker:1.0.8] AndroidManifest.xml:35:13-82
259            android:screenOrientation="portrait"
259-->[com.vincent.filepicker:MultiTypeFilePicker:1.0.8] AndroidManifest.xml:36:13-49
260            android:theme="@style/vw_FilePickerTheme" />
260-->[com.vincent.filepicker:MultiTypeFilePicker:1.0.8] AndroidManifest.xml:37:13-54
261        <activity
261-->[org.jitsi.react:jitsi-meet-sdk:2.9.0] AndroidManifest.xml:35:9-42:20
262            android:name="org.jitsi.meet.sdk.JitsiMeetActivity"
262-->[org.jitsi.react:jitsi-meet-sdk:2.9.0] AndroidManifest.xml:36:13-64
263            android:configChanges="keyboard|keyboardHidden|orientation|screenLayout|screenSize|smallestScreenSize"
263-->[org.jitsi.react:jitsi-meet-sdk:2.9.0] AndroidManifest.xml:37:13-115
264            android:launchMode="singleTask"
264-->[org.jitsi.react:jitsi-meet-sdk:2.9.0] AndroidManifest.xml:38:13-44
265            android:resizeableActivity="true"
265-->[org.jitsi.react:jitsi-meet-sdk:2.9.0] AndroidManifest.xml:39:13-46
266            android:supportsPictureInPicture="true"
266-->[org.jitsi.react:jitsi-meet-sdk:2.9.0] AndroidManifest.xml:40:13-52
267            android:windowSoftInputMode="adjustResize" >
267-->[org.jitsi.react:jitsi-meet-sdk:2.9.0] AndroidManifest.xml:41:13-55
268        </activity>
269        <activity android:name="com.facebook.react.devsupport.DevSettingsActivity" />
269-->[org.jitsi.react:jitsi-meet-sdk:2.9.0] AndroidManifest.xml:43:9-86
269-->[org.jitsi.react:jitsi-meet-sdk:2.9.0] AndroidManifest.xml:43:19-83
270
271        <service
271-->[org.jitsi.react:jitsi-meet-sdk:2.9.0] AndroidManifest.xml:45:9-51:19
272            android:name="org.jitsi.meet.sdk.ConnectionService"
272-->[org.jitsi.react:jitsi-meet-sdk:2.9.0] AndroidManifest.xml:46:13-64
273            android:permission="android.permission.BIND_TELECOM_CONNECTION_SERVICE" >
273-->[org.jitsi.react:jitsi-meet-sdk:2.9.0] AndroidManifest.xml:47:13-84
274            <intent-filter>
274-->[org.jitsi.react:jitsi-meet-sdk:2.9.0] AndroidManifest.xml:48:13-50:29
275                <action android:name="android.telecom.ConnectionService" />
275-->[org.jitsi.react:jitsi-meet-sdk:2.9.0] AndroidManifest.xml:49:17-76
275-->[org.jitsi.react:jitsi-meet-sdk:2.9.0] AndroidManifest.xml:49:25-73
276            </intent-filter>
277        </service>
278        <service android:name="org.jitsi.meet.sdk.JitsiMeetOngoingConferenceService" />
278-->[org.jitsi.react:jitsi-meet-sdk:2.9.0] AndroidManifest.xml:52:9-88
278-->[org.jitsi.react:jitsi-meet-sdk:2.9.0] AndroidManifest.xml:52:18-85
279
280        <activity
280-->[pub.devrel:easypermissions:0.3.0] AndroidManifest.xml:12:9-16:66
281            android:name="pub.devrel.easypermissions.AppSettingsDialogHolderActivity"
281-->[pub.devrel:easypermissions:0.3.0] AndroidManifest.xml:13:13-86
282            android:exported="false"
282-->[pub.devrel:easypermissions:0.3.0] AndroidManifest.xml:14:13-37
283            android:label=""
283-->[pub.devrel:easypermissions:0.3.0] AndroidManifest.xml:15:13-29
284            android:theme="@style/EasyPermissions.Transparent" />
284-->[pub.devrel:easypermissions:0.3.0] AndroidManifest.xml:16:13-63
285
286        <provider
286-->[com.facebook.react:react-native-webview:7.4.1-jitsi-4429568] AndroidManifest.xml:12:9-20:20
287            android:name="com.reactnativecommunity.webview.RNCWebViewFileProvider"